<?xml version="1.0" encoding="UTF-8"?>
<testng-results ignored="0" total="1" passed="1" failed="0" skipped="0">
  <reporter-output>
  </reporter-output>
  <suite started-at="2022-06-21T12:34:40 IST" name="Default suite" finished-at="2022-06-21T12:34:55 IST" duration-ms="15392">
    <groups>
    </groups>
    <test started-at="2022-06-21T12:34:40 IST" name="Default test" finished-at="2022-06-21T12:34:55 IST" duration-ms="15392">
      <class name="testCases.LoginWithoutFindBy">
        <test-method signature="login()[pri:0, instance:testCases.LoginWithoutFindBy@56de5251]" started-at="2022-06-21T12:34:40 IST" name="login" finished-at="2022-06-21T12:34:55 IST" duration-ms="15360" status="PASS">
          <reporter-output>
          </reporter-output>
        </test-method> <!-- login -->
      </class> <!-- testCases.LoginWithoutFindBy -->
    </test> <!-- Default test -->
  </suite> <!-- Default suite -->
</testng-results>
